<?xml version="1.0" encoding="UTF-8" ?>
<testsuite tests="7" failures="0" name="com.github.rchargel.build.api.spring.models.ApiTest" time="0.01" errors="0" skipped="0">
  <properties>
[...]
</properties>
  <testcase classname="com.github.rchargel.build.api.spring.models.ApiTest" name="canMergeAPIs[0]" time="0.007"/>
  <testcase classname="com.github.rchargel.build.api.spring.models.ApiTest" name="canMergeAPIs[1]" time="0.001"/>
  <testcase classname="com.github.rchargel.build.api.spring.models.ApiTest" name="canMergeAPIs[2]" time="0"/>
  <testcase classname="com.github.rchargel.build.api.spring.models.ApiTest" name="canMergeAPIs[3]" time="0.001"/>
  <testcase classname="com.github.rchargel.build.api.spring.models.ApiTest" name="canMergeAPIs[4]" time="0"/>
  <testcase classname="com.github.rchargel.build.api.spring.models.ApiTest" name="canMergeAPIs[5]" time="0.001"/>
  <testcase classname="com.github.rchargel.build.api.spring.models.ApiTest" name="canMergeAPIs[6]" time="0"/>
</testsuite>